Temp/gradleOut/unityLibrary/build/intermediates/manifest_merge_blame_file/release/manifest-merger-blame-release-report.txt
1<?xml version="1.0" encoding="utf-8"?>
2<manifest xmlns:android="http://schemas.android.com/apk/res/android"
3    xmlns:tools="http://schemas.android.com/tools"
4    package="com.unity3d.player"
5    android:installLocation="preferExternal"
6    android:versionCode="1"
7    android:versionName="0.1" >
8
9    <uses-sdk
9-->src/main/AndroidManifest.xml:3:3-61
10        android:minSdkVersion="26"
10-->src/main/AndroidManifest.xml:3:3-61
11        android:targetSdkVersion="29"
11-->src/main/AndroidManifest.xml:3:3-61
12        tools:overrideLibrary="com.nreal.glasses_sdk" />
12-->src/main/AndroidManifest.xml:3:13-58
13
14    <supports-screens
14-->src/main/AndroidManifest.xml:4:3-163
15        android:anyDensity="true"
15-->src/main/AndroidManifest.xml:4:135-160
16        android:largeScreens="true"
16-->src/main/AndroidManifest.xml:4:78-105
17        android:normalScreens="true"
17-->src/main/AndroidManifest.xml:4:49-77
18        android:smallScreens="true"
18-->src/main/AndroidManifest.xml:4:21-48
19        android:xlargeScreens="true" />
19-->src/main/AndroidManifest.xml:4:106-134
20
21    <uses-permission android:name="android.permission.BLUETOOTH" />
21-->src/main/AndroidManifest.xml:20:3-66
21-->src/main/AndroidManifest.xml:20:20-63
22
23    <uses-feature android:glEsVersion="0x00030000" />
23-->src/main/AndroidManifest.xml:21:3-52
23-->src/main/AndroidManifest.xml:21:17-49
24
25    <uses-permission android:name="android.permission.INTERNET" />
25-->src/main/AndroidManifest.xml:22:3-65
25-->src/main/AndroidManifest.xml:22:20-62
26    <uses-permission android:name="android.permission.VIBRATE" />
26-->src/main/AndroidManifest.xml:23:3-64
26-->src/main/AndroidManifest.xml:23:20-61
27    <uses-permission android:name="android.permission.WRITE_EXTERNAL_STORAGE" />
27-->src/main/AndroidManifest.xml:24:3-79
27-->src/main/AndroidManifest.xml:24:20-76
28
29    <uses-feature
29-->src/main/AndroidManifest.xml:25:3-88
30        android:name="android.hardware.touchscreen"
30-->src/main/AndroidManifest.xml:25:17-60
31        android:required="false" />
31-->src/main/AndroidManifest.xml:25:61-85
32    <uses-feature
32-->src/main/AndroidManifest.xml:26:3-99
33        android:name="android.hardware.touchscreen.multitouch"
33-->src/main/AndroidManifest.xml:26:17-71
34        android:required="false" />
34-->src/main/AndroidManifest.xml:26:72-96
35    <uses-feature
35-->src/main/AndroidManifest.xml:27:3-108
36        android:name="android.hardware.touchscreen.multitouch.distinct"
36-->src/main/AndroidManifest.xml:27:17-80
37        android:required="false" />
37-->src/main/AndroidManifest.xml:27:81-105
38
39    <application
39-->src/main/AndroidManifest.xml:5:3-19:17
40        android:icon="@mipmap/app_icon"
40-->src/main/AndroidManifest.xml:5:58-89
41        android:label="@string/app_name"
41-->src/main/AndroidManifest.xml:5:90-122
42        android:theme="@style/UnityThemeSelector" >
42-->src/main/AndroidManifest.xml:5:16-57
43        <activity
43-->src/main/AndroidManifest.xml:6:5-12:16
44            android:name="com.unity3d.player.UnityPlayerActivity"
44-->src/main/AndroidManifest.xml:6:15-68
45            android:configChanges="mcc|mnc|locale|touchscreen|keyboard|keyboardHidden|navigation|orientation|screenLayout|uiMode|screenSize|smallestScreenSize|fontScale|layoutDirection|density"
45-->src/main/AndroidManifest.xml:6:138-319
46            android:hardwareAccelerated="false"
46-->src/main/AndroidManifest.xml:6:320-355
47            android:launchMode="singleTask"
47-->src/main/AndroidManifest.xml:6:106-137
48            android:screenOrientation="portrait" >
48-->src/main/AndroidManifest.xml:6:69-105
49            <intent-filter>
49-->src/main/AndroidManifest.xml:7:7-10:23
50                <action android:name="android.intent.action.MAIN" />
50-->src/main/AndroidManifest.xml:8:9-61
50-->src/main/AndroidManifest.xml:8:17-58
51
52                <category android:name="android.intent.category.LAUNCHER" />
52-->src/main/AndroidManifest.xml:9:9-69
52-->src/main/AndroidManifest.xml:9:19-66
53            </intent-filter>
54
55            <meta-data
55-->src/main/AndroidManifest.xml:11:7-78
56                android:name="android.notch_support"
56-->src/main/AndroidManifest.xml:11:18-54
57                android:value="true" />
57-->src/main/AndroidManifest.xml:11:55-75
58        </activity>
59
60        <meta-data
60-->src/main/AndroidManifest.xml:13:5-64
61            android:name="nreal_sdk"
61-->src/main/AndroidManifest.xml:13:16-40
62            android:value="true" />
62-->src/main/AndroidManifest.xml:13:41-61
63        <meta-data
63-->src/main/AndroidManifest.xml:14:5-94
64            android:name="com.nreal.supportDevices"
64-->src/main/AndroidManifest.xml:14:16-55
65            android:value="NrealLight|NrealAir" />
65-->src/main/AndroidManifest.xml:14:56-91
66        <meta-data
66-->src/main/AndroidManifest.xml:15:5-69
67            android:name="unity.splash-mode"
67-->src/main/AndroidManifest.xml:15:16-48
68            android:value="0" />
68-->src/main/AndroidManifest.xml:15:49-66
69        <meta-data
69-->src/main/AndroidManifest.xml:16:5-74
70            android:name="unity.splash-enable"
70-->src/main/AndroidManifest.xml:16:16-50
71            android:value="True" />
71-->src/main/AndroidManifest.xml:16:51-71
72        <meta-data
72-->src/main/AndroidManifest.xml:17:5-81
73            android:name="notch.config"
73-->src/main/AndroidManifest.xml:17:16-43
74            android:value="portrait|landscape" />
74-->src/main/AndroidManifest.xml:17:44-78
75        <meta-data
75-->src/main/AndroidManifest.xml:18:5-101
76            android:name="unity.build-id"
76-->src/main/AndroidManifest.xml:18:16-45
77            android:value="470a7d7e-00f8-485b-959d-39169dfdaedc" />
77-->src/main/AndroidManifest.xml:18:46-98
78    </application>
79
80</manifest>